<?xml version="1.0" encoding="UTF-8"?>
<Site BuildName="Linux-gcc-12"
	BuildStamp="20231113-1301-Experimental"
	Name="dek0n-Vostro"
	Generator="ctest-3.27.7"
	CompilerName=""
	CompilerVersion=""
	OSName="Linux"
	Hostname="dek0n-Vostro"
	OSRelease="5.15.0-88-generic"
	OSVersion="#98-Ubuntu SMP Mon Oct 2 15:18:56 UTC 2023"
	OSPlatform="x86_64"
	Is64Bits="1"
	VendorString="GenuineIntel"
	VendorID="Intel Corporation"
	FamilyID="6"
	ModelID="140"
	ProcessorCacheSize="12288"
	NumberOfLogicalCPU="8"
	NumberOfPhysicalCPU="4"
	TotalVirtualMemory="2047"
	TotalPhysicalMemory="31837"
	LogicalProcessorsPerPhysical="2"
	ProcessorClockFrequency="2900"
	>
	<Testing>
		<StartDateTime>Nov 13 15:15 EET</StartDateTime>
		<StartTestTime>1699881348</StartTestTime>
		<TestList/>
		<EndDateTime>Nov 13 15:15 EET</EndDateTime>
		<EndTestTime>1699881348</EndTestTime>
		<ElapsedMinutes>0</ElapsedMinutes>
	</Testing>
</Site>
